# JRE version: OpenJDK Runtime Environment Temurin-21.0.10+7 (21.0.10+7) (build 21.0.10+7-LTS)
# Java VM: OpenJDK 64-Bit Server VM Temurin-21.0.10+7 (21.0.10+7-LTS, mixed mode, sharing, tiered, compressed oops, compressed class ptrs, parallel gc, windows-amd64)
GC Precious Log:
 CardTable entry size: 512
 CPUs: 8 total, 8 available
 Memory: 11930M
 Large Page Support: Disabled
 NUMA Support: Disabled
 Compressed Oops: Enabled (32-bit)
 Alignments: Space 512K, Generation 512K, Heap 2M
 Heap Min Capacity: 100M
 Heap Initial Capacity: 100M
 Heap Max Capacity: 2G
 Pre-touch: Disabled
 Parallel Workers: 8
Heap:
 PSYoungGen      total 8704K, used 4392K [0x00000000d5580000, 0x00000000d5f80000, 0x0000000100000000)
  eden space 7680K, 45% used [0x00000000d5580000,0x00000000d58ee0a0,0x00000000d5d00000)
  from space 1024K, 85% used [0x00000000d5e80000,0x00000000d5f5c050,0x00000000d5f80000)
  to   space 1024K, 0% used [0x00000000d5d00000,0x00000000d5d00000,0x00000000d5e00000)
 ParOldGen       total 887296K, used 886867K [0x0000000080000000, 0x00000000b6280000, 0x00000000d5580000)
  object space 887296K, 99% used [0x0000000080000000,0x00000000b6214df8,0x00000000b6280000)
 Metaspace       used 102521K, committed 104384K, reserved 1179648K
  class space    used 10206K, committed 11072K, reserved 1048576K
GC Heap History (20 events):
Event: 7828.998 GC heap before
{Heap before GC invocations=7887 (full 10):
 PSYoungGen      total 10752K, used 10736K [0x00000000d5580000, 0x00000000d6200000, 0x0000000100000000)
  eden space 9728K, 100% used [0x00000000d5580000,0x00000000d5f00000,0x00000000d5f00000)
  from space 1024K, 98% used [0x00000000d6100000,0x00000000d61fc030,0x00000000d6200000)
  to   space 1536K, 0% used [0x00000000d5f00000,0x00000000d5f00000,0x00000000d6080000)
 ParOldGen       total 877056K, used 876936K [0x0000000080000000, 0x00000000b5880000, 0x00000000d5580000)
  object space 877056K, 99% used [0x0000000080000000,0x00000000b5862200,0x00000000b5880000)
 Metaspace       used 102519K, committed 104384K, reserved 1179648K
  class space    used 10206K, committed 11072K, reserved 1048576K
}
Event: 7829.004 GC heap after
{Heap after GC invocations=7887 (full 10):
 PSYoungGen      total 11264K, used 992K [0x00000000d5580000, 0x00000000d6200000, 0x0000000100000000)
  eden space 9728K, 0% used [0x00000000d5580000,0x00000000d5580000,0x00000000d5f00000)
  from space 1536K, 64% used [0x00000000d5f00000,0x00000000d5ff8040,0x00000000d6080000)
  to   space 1536K, 0% used [0x00000000d6080000,0x00000000d6080000,0x00000000d6200000)
 ParOldGen       total 878080K, used 877792K [0x0000000080000000, 0x00000000b5980000, 0x00000000d5580000)
  object space 878080K, 99% used [0x0000000080000000,0x00000000b59382a0,0x00000000b5980000)
 Metaspace       used 102519K, committed 104384K, reserved 1179648K
  class space    used 10206K, committed 11072K, reserved 1048576K
}
Event: 7829.101 GC heap before
{Heap before GC invocations=7888 (full 10):
 PSYoungGen      total 11264K, used 10720K [0x00000000d5580000, 0x00000000d6200000, 0x0000000100000000)
  eden space 9728K, 100% used [0x00000000d5580000,0x00000000d5f00000,0x00000000d5f00000)
  from space 1536K, 64% used [0x00000000d5f00000,0x00000000d5ff8040,0x00000000d6080000)
  to   space 1536K, 0% used [0x00000000d6080000,0x00000000d6080000,0x00000000d6200000)
 ParOldGen       total 878080K, used 877792K [0x0000000080000000, 0x00000000b5980000, 0x00000000d5580000)
  object space 878080K, 99% used [0x0000000080000000,0x00000000b59382a0,0x00000000b5980000)
 Metaspace       used 102519K, committed 104384K, reserved 1179648K
  class space    used 10206K, committed 11072K, reserved 1048576K
}
Event: 7829.108 GC heap after
{Heap after GC invocations=7888 (full 10):
 PSYoungGen      total 10752K, used 1524K [0x00000000d5580000, 0x00000000d6300000, 0x0000000100000000)
  eden space 9216K, 0% used [0x00000000d5580000,0x00000000d5580000,0x00000000d5e80000)
  from space 1536K, 99% used [0x00000000d6080000,0x00000000d61fd220,0x00000000d6200000)
  to   space 2048K, 0% used [0x00000000d5e80000,0x00000000d5e80000,0x00000000d6080000)
 ParOldGen       total 879104K, used 878672K [0x0000000080000000, 0x00000000b5a80000, 0x00000000d5580000)
  object space 879104K, 99% used [0x0000000080000000,0x00000000b5a14320,0x00000000b5a80000)
 Metaspace       used 102519K, committed 104384K, reserved 1179648K
  class space    used 10206K, committed 11072K, reserved 1048576K
}
Event: 7829.159 GC heap before
{Heap before GC invocations=7889 (full 10):
 PSYoungGen      total 10752K, used 10740K [0x00000000d5580000, 0x00000000d6300000, 0x0000000100000000)
  eden space 9216K, 100% used [0x00000000d5580000,0x00000000d5e80000,0x00000000d5e80000)
  from space 1536K, 99% used [0x00000000d6080000,0x00000000d61fd220,0x00000000d6200000)
  to   space 2048K, 0% used [0x00000000d5e80000,0x00000000d5e80000,0x00000000d6080000)
 ParOldGen       total 879104K, used 878672K [0x0000000080000000, 0x00000000b5a80000, 0x00000000d5580000)
  object space 879104K, 99% used [0x0000000080000000,0x00000000b5a14320,0x00000000b5a80000)
 Metaspace       used 102519K, committed 104384K, reserved 1179648K
  class space    used 10206K, committed 11072K, reserved 1048576K
}
Event: 7829.166 GC heap after
{Heap after GC invocations=7889 (full 10):
 PSYoungGen      total 10240K, used 896K [0x00000000d5580000, 0x00000000d6180000, 0x0000000100000000)
  eden space 9216K, 0% used [0x00000000d5580000,0x00000000d5580000,0x00000000d5e80000)
  from space 1024K, 87% used [0x00000000d5e80000,0x00000000d5f60020,0x00000000d5f80000)
  to   space 1536K, 0% used [0x00000000d6000000,0x00000000d6000000,0x00000000d6180000)
 ParOldGen       total 880128K, used 880011K [0x0000000080000000, 0x00000000b5b80000, 0x00000000d5580000)
  object space 880128K, 99% used [0x0000000080000000,0x00000000b5b62f88,0x00000000b5b80000)
 Metaspace       used 102519K, committed 104384K, reserved 1179648K
  class space    used 10206K, committed 11072K, reserved 1048576K
}
Event: 7829.452 GC heap before
{Heap before GC invocations=7890 (full 10):
 PSYoungGen      total 10240K, used 10112K [0x00000000d5580000, 0x00000000d6180000, 0x0000000100000000)
  eden space 9216K, 100% used [0x00000000d5580000,0x00000000d5e80000,0x00000000d5e80000)
  from space 1024K, 87% used [0x00000000d5e80000,0x00000000d5f60020,0x00000000d5f80000)
  to   space 1536K, 0% used [0x00000000d6000000,0x00000000d6000000,0x00000000d6180000)
 ParOldGen       total 880128K, used 880011K [0x0000000080000000, 0x00000000b5b80000, 0x00000000d5580000)
  object space 880128K, 99% used [0x0000000080000000,0x00000000b5b62f88,0x00000000b5b80000)
 Metaspace       used 102519K, committed 104384K, reserved 1179648K
  class space    used 10206K, committed 11072K, reserved 1048576K
}
Event: 7829.494 GC heap after
{Heap after GC invocations=7890 (full 10):
 PSYoungGen      total 10752K, used 1072K [0x00000000d5580000, 0x00000000d6180000, 0x0000000100000000)
  eden space 9216K, 0% used [0x00000000d5580000,0x00000000d5580000,0x00000000d5e80000)
  from space 1536K, 69% used [0x00000000d6000000,0x00000000d610c050,0x00000000d6180000)
  to   space 1536K, 0% used [0x00000000d5e80000,0x00000000d5e80000,0x00000000d6000000)
 ParOldGen       total 881152K, used 880823K [0x0000000080000000, 0x00000000b5c80000, 0x00000000d5580000)
  object space 881152K, 99% used [0x0000000080000000,0x00000000b5c2dff8,0x00000000b5c80000)
 Metaspace       used 102519K, committed 104384K, reserved 1179648K
  class space    used 10206K, committed 11072K, reserved 1048576K
}
Event: 7833.499 GC heap before
{Heap before GC invocations=7891 (full 10):
 PSYoungGen      total 10752K, used 10288K [0x00000000d5580000, 0x00000000d6180000, 0x0000000100000000)
  eden space 9216K, 100% used [0x00000000d5580000,0x00000000d5e80000,0x00000000d5e80000)
  from space 1536K, 69% used [0x00000000d6000000,0x00000000d610c050,0x00000000d6180000)
  to   space 1536K, 0% used [0x00000000d5e80000,0x00000000d5e80000,0x00000000d6000000)
 ParOldGen       total 881152K, used 880823K [0x0000000080000000, 0x00000000b5c80000, 0x00000000d5580000)
  object space 881152K, 99% used [0x0000000080000000,0x00000000b5c2dff8,0x00000000b5c80000)
 Metaspace       used 102521K, committed 104384K, reserved 1179648K
  class space    used 10206K, committed 11072K, reserved 1048576K
}
Event: 7833.510 GC heap after
{Heap after GC invocations=7891 (full 10):
 PSYoungGen      total 10752K, used 1428K [0x00000000d5580000, 0x00000000d6180000, 0x0000000100000000)
  eden space 9216K, 0% used [0x00000000d5580000,0x00000000d5580000,0x00000000d5e80000)
  from space 1536K, 93% used [0x00000000d5e80000,0x00000000d5fe5220,0x00000000d6000000)
  to   space 1536K, 0% used [0x00000000d6000000,0x00000000d6000000,0x00000000d6180000)
 ParOldGen       total 882176K, used 881776K [0x0000000080000000, 0x00000000b5d80000, 0x00000000d5580000)
  object space 882176K, 99% used [0x0000000080000000,0x00000000b5d1c098,0x00000000b5d80000)
 Metaspace       used 102521K, committed 104384K, reserved 1179648K
  class space    used 10206K, committed 11072K, reserved 1048576K
}
Event: 7833.596 GC heap before
{Heap before GC invocations=7892 (full 10):
 PSYoungGen      total 10752K, used 10644K [0x00000000d5580000, 0x00000000d6180000, 0x0000000100000000)
  eden space 9216K, 100% used [0x00000000d5580000,0x00000000d5e80000,0x00000000d5e80000)
  from space 1536K, 93% used [0x00000000d5e80000,0x00000000d5fe5220,0x00000000d6000000)
  to   space 1536K, 0% used [0x00000000d6000000,0x00000000d6000000,0x00000000d6180000)
 ParOldGen       total 882176K, used 881776K [0x0000000080000000, 0x00000000b5d80000, 0x00000000d5580000)
  object space 882176K, 99% used [0x0000000080000000,0x00000000b5d1c098,0x00000000b5d80000)
 Metaspace       used 102521K, committed 104384K, reserved 1179648K
  class space    used 10206K, committed 11072K, reserved 1048576K
}
Event: 7833.606 GC heap after
{Heap after GC invocations=7892 (full 10):
 PSYoungGen      total 10752K, used 896K [0x00000000d5580000, 0x00000000d6180000, 0x0000000100000000)
  eden space 9216K, 0% used [0x00000000d5580000,0x00000000d5580000,0x00000000d5e80000)
  from space 1536K, 58% used [0x00000000d6000000,0x00000000d60e0020,0x00000000d6180000)
  to   space 1536K, 0% used [0x00000000d5e80000,0x00000000d5e80000,0x00000000d6000000)
 ParOldGen       total 883200K, used 883107K [0x0000000080000000, 0x00000000b5e80000, 0x00000000d5580000)
  object space 883200K, 99% used [0x0000000080000000,0x00000000b5e68c38,0x00000000b5e80000)
 Metaspace       used 102521K, committed 104384K, reserved 1179648K
  class space    used 10206K, committed 11072K, reserved 1048576K
}
Event: 7833.642 GC heap before
{Heap before GC invocations=7893 (full 10):
 PSYoungGen      total 10752K, used 10112K [0x00000000d5580000, 0x00000000d6180000, 0x0000000100000000)
  eden space 9216K, 100% used [0x00000000d5580000,0x00000000d5e80000,0x00000000d5e80000)
  from space 1536K, 58% used [0x00000000d6000000,0x00000000d60e0020,0x00000000d6180000)
  to   space 1536K, 0% used [0x00000000d5e80000,0x00000000d5e80000,0x00000000d6000000)
 ParOldGen       total 883200K, used 883107K [0x0000000080000000, 0x00000000b5e80000, 0x00000000d5580000)
  object space 883200K, 99% used [0x0000000080000000,0x00000000b5e68c38,0x00000000b5e80000)
 Metaspace       used 102521K, committed 104384K, reserved 1179648K
  class space    used 10206K, committed 11072K, reserved 1048576K
}
Event: 7833.647 GC heap after
{Heap after GC invocations=7893 (full 10):
 PSYoungGen      total 10240K, used 976K [0x00000000d5580000, 0x00000000d6080000, 0x0000000100000000)
  eden space 9216K, 0% used [0x00000000d5580000,0x00000000d5580000,0x00000000d5e80000)
  from space 1024K, 95% used [0x00000000d5e80000,0x00000000d5f74070,0x00000000d5f80000)
  to   space 1024K, 0% used [0x00000000d5f80000,0x00000000d5f80000,0x00000000d6080000)
 ParOldGen       total 884224K, used 883923K [0x0000000080000000, 0x00000000b5f80000, 0x00000000d5580000)
  object space 884224K, 99% used [0x0000000080000000,0x00000000b5f34cb8,0x00000000b5f80000)
 Metaspace       used 102521K, committed 104384K, reserved 1179648K
  class space    used 10206K, committed 11072K, reserved 1048576K
}
Event: 7833.740 GC heap before
{Heap before GC invocations=7894 (full 10):
 PSYoungGen      total 10240K, used 10192K [0x00000000d5580000, 0x00000000d6080000, 0x0000000100000000)
  eden space 9216K, 100% used [0x00000000d5580000,0x00000000d5e80000,0x00000000d5e80000)
  from space 1024K, 95% used [0x00000000d5e80000,0x00000000d5f74070,0x00000000d5f80000)
  to   space 1024K, 0% used [0x00000000d5f80000,0x00000000d5f80000,0x00000000d6080000)
 ParOldGen       total 884224K, used 883923K [0x0000000080000000, 0x00000000b5f80000, 0x00000000d5580000)
  object space 884224K, 99% used [0x0000000080000000,0x00000000b5f34cb8,0x00000000b5f80000)
 Metaspace       used 102521K, committed 104384K, reserved 1179648K
  class space    used 10206K, committed 11072K, reserved 1048576K
}
Event: 7833.744 GC heap after
{Heap after GC invocations=7894 (full 10):
 PSYoungGen      total 8704K, used 1012K [0x00000000d5580000, 0x00000000d6380000, 0x0000000100000000)
  eden space 7680K, 0% used [0x00000000d5580000,0x00000000d5580000,0x00000000d5d00000)
  from space 1024K, 98% used [0x00000000d5f80000,0x00000000d607d200,0x00000000d6080000)
  to   space 2560K, 0% used [0x00000000d5d00000,0x00000000d5d00000,0x00000000d5f80000)
 ParOldGen       total 885248K, used 885168K [0x0000000080000000, 0x00000000b6080000, 0x00000000d5580000)
  object space 885248K, 99% used [0x0000000080000000,0x00000000b606c110,0x00000000b6080000)
 Metaspace       used 102521K, committed 104384K, reserved 1179648K
  class space    used 10206K, committed 11072K, reserved 1048576K
}
Event: 7833.790 GC heap before
{Heap before GC invocations=7895 (full 10):
 PSYoungGen      total 8704K, used 8692K [0x00000000d5580000, 0x00000000d6380000, 0x0000000100000000)
  eden space 7680K, 100% used [0x00000000d5580000,0x00000000d5d00000,0x00000000d5d00000)
  from space 1024K, 98% used [0x00000000d5f80000,0x00000000d607d200,0x00000000d6080000)
  to   space 2560K, 0% used [0x00000000d5d00000,0x00000000d5d00000,0x00000000d5f80000)
 ParOldGen       total 885248K, used 885168K [0x0000000080000000, 0x00000000b6080000, 0x00000000d5580000)
  object space 885248K, 99% used [0x0000000080000000,0x00000000b606c110,0x00000000b6080000)
 Metaspace       used 102521K, committed 104384K, reserved 1179648K
  class space    used 10206K, committed 11072K, reserved 1048576K
}
Event: 7833.795 GC heap after
{Heap after GC invocations=7895 (full 10):
 PSYoungGen      total 8704K, used 864K [0x00000000d5580000, 0x00000000d6000000, 0x0000000100000000)
  eden space 7680K, 0% used [0x00000000d5580000,0x00000000d5580000,0x00000000d5d00000)
  from space 1024K, 84% used [0x00000000d5d00000,0x00000000d5dd8020,0x00000000d5e00000)
  to   space 1536K, 0% used [0x00000000d5e80000,0x00000000d5e80000,0x00000000d6000000)
 ParOldGen       total 886272K, used 886171K [0x0000000080000000, 0x00000000b6180000, 0x00000000d5580000)
  object space 886272K, 99% used [0x0000000080000000,0x00000000b6166d98,0x00000000b6180000)
 Metaspace       used 102521K, committed 104384K, reserved 1179648K
  class space    used 10206K, committed 11072K, reserved 1048576K
}
Event: 7833.840 GC heap before
{Heap before GC invocations=7896 (full 10):
 PSYoungGen      total 8704K, used 8544K [0x00000000d5580000, 0x00000000d6000000, 0x0000000100000000)
  eden space 7680K, 100% used [0x00000000d5580000,0x00000000d5d00000,0x00000000d5d00000)
  from space 1024K, 84% used [0x00000000d5d00000,0x00000000d5dd8020,0x00000000d5e00000)
  to   space 1536K, 0% used [0x00000000d5e80000,0x00000000d5e80000,0x00000000d6000000)
 ParOldGen       total 886272K, used 886171K [0x0000000080000000, 0x00000000b6180000, 0x00000000d5580000)
  object space 886272K, 99% used [0x0000000080000000,0x00000000b6166d98,0x00000000b6180000)
 Metaspace       used 102521K, committed 104384K, reserved 1179648K
  class space    used 10206K, committed 11072K, reserved 1048576K
}
Event: 7833.844 GC heap after
{Heap after GC invocations=7896 (full 10):
 PSYoungGen      total 8704K, used 880K [0x00000000d5580000, 0x00000000d5f80000, 0x0000000100000000)
  eden space 7680K, 0% used [0x00000000d5580000,0x00000000d5580000,0x00000000d5d00000)
  from space 1024K, 85% used [0x00000000d5e80000,0x00000000d5f5c050,0x00000000d5f80000)
  to   space 1024K, 0% used [0x00000000d5d00000,0x00000000d5d00000,0x00000000d5e00000)
 ParOldGen       total 887296K, used 886867K [0x0000000080000000, 0x00000000b6280000, 0x00000000d5580000)
  object space 887296K, 99% used [0x0000000080000000,0x00000000b6214df8,0x00000000b6280000)
 Metaspace       used 102521K, committed 104384K, reserved 1179648K
  class space    used 10206K, committed 11072K, reserved 1048576K
}

